<?xml version="1.0" encoding="UTF-8"?>
<!-- Generated by org.testng.reporters.JUnitXMLReporter -->
<testsuite hostname="W2706940BZ76V" ignored="0" name="Default test" tests="4" failures="0" timestamp="19 Nov 2017 17:34:05 GMT" time="0.03" errors="0">
  <testcase name="div" time="0.009" classname="com.qa.tests.Demo1Test"/>
  <testcase name="mul" time="0.001" classname="com.qa.tests.Demo1Test"/>
  <testcase name="sub" time="0.001" classname="com.qa.tests.Demo1Test"/>
  <testcase name="sum" time="0.0" classname="com.qa.tests.Demo1Test"/>
</testsuite> <!-- Default test -->
