<?xml version="1.0" encoding="UTF-8"?>
<testng-results skipped="0" failed="0" ignored="0" total="4" passed="4">
  <reporter-output>
  </reporter-output>
  <suite name="Default suite" duration-ms="30" started-at="2017-11-19T17:34:04Z" finished-at="2017-11-19T17:34:04Z">
    <groups>
    </groups>
    <test name="Default test" duration-ms="30" started-at="2017-11-19T17:34:04Z" finished-at="2017-11-19T17:34:04Z">
      <class name="com.qa.tests.Demo1Test">
        <test-method status="PASS" signature="div()[pri:0, instance:com.qa.tests.Demo1Test@77caeb3e]" name="div" duration-ms="9" started-at="2017-11-19T23:04:04Z" finished-at="2017-11-19T23:04:04Z">
          <reporter-output>
          </reporter-output>
        </test-method> <!-- div -->
        <test-method status="PASS" signature="mul()[pri:0, instance:com.qa.tests.Demo1Test@77caeb3e]" name="mul" duration-ms="1" started-at="2017-11-19T23:04:04Z" finished-at="2017-11-19T23:04:04Z">
          <reporter-output>
          </reporter-output>
        </test-method> <!-- mul -->
        <test-method status="PASS" signature="sub()[pri:0, instance:com.qa.tests.Demo1Test@77caeb3e]" name="sub" duration-ms="1" started-at="2017-11-19T23:04:04Z" finished-at="2017-11-19T23:04:04Z">
          <reporter-output>
          </reporter-output>
        </test-method> <!-- sub -->
        <test-method status="PASS" signature="sum()[pri:0, instance:com.qa.tests.Demo1Test@77caeb3e]" name="sum" duration-ms="0" started-at="2017-11-19T23:04:04Z" finished-at="2017-11-19T23:04:04Z">
          <reporter-output>
          </reporter-output>
        </test-method> <!-- sum -->
      </class> <!-- com.qa.tests.Demo1Test -->
    </test> <!-- Default test -->
  </suite> <!-- Default suite -->
</testng-results>
